<?xml version="1.0" encoding="UTF-8"?><testsuite errors="0" failures="0" name="io.swagger.petstore.testsuite.TagWithPetRunner" skipped="0" tests="3" time="1.5" timestamp="2023-01-10T22:06:00.387Z[Europe/London]"><testcase classname="io.swagger.petstore.testsuite.TagWithPetRunner" name="Provide a 200 status code when incorrect HTTP method is used to access resource"/><testcase classname="io.swagger.petstore.testsuite.TagWithPetRunner" name="This test will verify if a status code of 200 is returned for GET request"/><testcase classname="io.swagger.petstore.testsuite.TagWithPetRunner" name="This test will provide an error code of 400 when user tries to access an invalid resource"/></testsuite>